<?xml version="1.0" encoding="UTF-8"?>
<testng-results skipped="0" failed="0" total="1" passed="1">
  <reporter-output>
    <line>
      <![CDATA[application opened]]>
    </line>
    <line>
      <![CDATA[login completed]]>
    </line>
    <line>
      <![CDATA[logout completed]]>
    </line>
    <line>
      <![CDATA[application closed]]>
    </line>
  </reporter-output>
  <suite name="Default suite" duration-ms="27540" started-at="2020-01-03T05:54:14Z" finished-at="2020-01-03T05:54:41Z">
    <groups>
    </groups>
    <test name="Default test" duration-ms="27540" started-at="2020-01-03T05:54:14Z" finished-at="2020-01-03T05:54:41Z">
      <class name="com.hrms.testScript.TC_001">
        <test-method status="PASS" signature="tc_001()[pri:0, instance:com.hrms.testScript.TC_001@3fb6a447]" name="tc_001" duration-ms="27527" started-at="2020-01-03T11:24:14Z" finished-at="2020-01-03T11:24:41Z">
          <reporter-output>
            <line>
              <![CDATA[application opened]]>
            </line>
            <line>
              <![CDATA[login completed]]>
            </line>
            <line>
              <![CDATA[logout completed]]>
            </line>
            <line>
              <![CDATA[application closed]]>
            </line>
          </reporter-output>
        </test-method> <!-- tc_001 -->
      </class> <!-- com.hrms.testScript.TC_001 -->
    </test> <!-- Default test -->
  </suite> <!-- Default suite -->
</testng-results>
